<?xml version="1.0" encoding="UTF-8"?>
<!-- Generated by org.testng.reporters.JUnitReportReporter -->
<testsuite hostname="DESKTOP-P9GG9AO" failures="0" tests="1" name="practice.DataProviderPractice2" time="0.017" errors="0" timestamp="2023-03-10T12:34:26 IST" skipped="0">
  <testcase classname="practice.DataProviderPractice2" name="dataProviderPractice" time="0.017"/>
  <system-out/>
</testsuite> <!-- practice.DataProviderPractice2 -->
