<?xml version="1.0" encoding="UTF-8"?>
<!-- Generated by org.testng.reporters.JUnitReportReporter -->
<testsuite hostname="DESKTOP-P9GG9AO" failures="0" tests="1" name="vtigerContactTests.CreateContactWithOrganization" time="38.490" errors="0" timestamp="2023-03-07T12:35:15 IST" skipped="0">
  <testcase classname="vtigerContactTests.CreateContactWithOrganization" name="createContact" time="38.490"/>
  <system-out/>
</testsuite> <!-- vtigerContactTests.CreateContactWithOrganization -->
